{
"/Users/benjamintoomer/athlib/lib/codes.js":{"path":"/Users/benjamintoomer/athlib/lib/codes.js","s":{"1":0},"b":{},"f":{},"fnMap":{},"statementMap":{"1":{"start":{"line":3,"column":0},"end":{"line":3,"column":0}}},"branchMap":{},"l":{"3":0}},
"/Users/benjamintoomer/athlib/lib/iaaf_score.js":{"path":"/Users/benjamintoomer/athlib/lib/iaaf_score.js","s":{"1":1,"2":1,"3":1,"4":1,"5":1,"6":47,"7":47,"8":1,"9":1,"10":1,"11":46,"12":46,"13":1,"14":0,"15":1,"16":0,"17":0,"18":0,"19":0,"20":0,"21":0,"22":0,"23":0,"24":0,"25":0,"26":1,"27":1,"28":1,"29":1,"30":0,"31":1,"32":0,"33":1,"34":0,"35":1},"b":{"1":[0,0],"2":[0,0],"3":[0,0],"4":[0,1],"5":[0,1],"6":[0,1]},"f":{"1":47,"2":1,"3":0,"4":0,"5":1},"fnMap":{"1":{"name":"iaafScoringKey","line":27,"loc":{"start":{"line":72,"column":0},"end":{"line":72,"column":44}}},"2":{"name":"iaaFScoringObjectsCreate","line":36,"loc":{"start":{"line":81,"column":0},"end":{"line":81,"column":36}}},"3":{"name":"iaaf_score","line":49,"loc":{"start":{"line":94,"column":17},"end":{"line":94,"column":54}}},"4":{"name":"fNew","line":54,"loc":{"start":{"line":99,"column":4},"end":{"line":99,"column":45}}},"5":{"name":"iaaf_performance","line":84,"loc":{"start":{"line":130,"column":27},"end":{"line":130,"column":80}}}},"statementMap":{"1":{"start":{"line":9,"column":0},"end":{"line":9,"column":0}},"2":{"start":{"line":10,"column":0},"end":{"line":10,"column":0}},"3":{"start":{"line":21,"column":0},"end":{"line":21,"column":0}},"4":{"start":{"line":69,"column":0},"end":{"line":69,"column":0}},"5":{"start":{"line":72,"column":0},"end":{"line":75,"column":1}},"6":{"start":{"line":73,"column":4},"end":{"line":73,"column":4}},"7":{"start":{"line":74,"column":4},"end":{"line":74,"column":4}},"8":{"start":{"line":81,"column":0},"end":{"line":87,"column":5}},"9":{"start":{"line":82,"column":8},"end":{"line":82,"column":8}},"10":{"start":{"line":83,"column":8},"end":{"line":86,"column":9}},"11":{"start":{"line":84,"column":12},"end":{"line":84,"column":12}},"12":{"start":{"line":85,"column":12},"end":{"line":85,"column":12}},"13":{"start":{"line":94,"column":0},"end":{"line":94,"column":0}},"14":{"start":{"line":96,"column":4},"end":{"line":96,"column":4}},"15":{"start":{"line":99,"column":4},"end":{"line":116,"column":5}},"16":{"start":{"line":100,"column":8},"end":{"line":100,"column":8}},"17":{"start":{"line":104,"column":8},"end":{"line":106,"column":9}},"18":{"start":{"line":105,"column":12},"end":{"line":105,"column":12}},"19":{"start":{"line":109,"column":8},"end":{"line":115,"column":9}},"20":{"start":{"line":110,"column":12},"end":{"line":110,"column":12}},"21":{"start":{"line":111,"column":15},"end":{"line":115,"column":9}},"22":{"start":{"line":112,"column":12},"end":{"line":112,"column":12}},"23":{"start":{"line":114,"column":12},"end":{"line":114,"column":12}},"24":{"start":{"line":119,"column":4},"end":{"line":119,"column":4}},"25":{"start":{"line":121,"column":4},"end":{"line":121,"column":4}},"26":{"start":{"line":130,"column":0},"end":{"line":130,"column":0}},"27":{"start":{"line":132,"column":4},"end":{"line":132,"column":4}},"28":{"start":{"line":134,"column":4},"end":{"line":134,"column":4}},"29":{"start":{"line":137,"column":4},"end":{"line":139,"column":5}},"30":{"start":{"line":138,"column":8},"end":{"line":138,"column":8}},"31":{"start":{"line":142,"column":4},"end":{"line":153,"column":5}},"32":{"start":{"line":143,"column":8},"end":{"line":143,"column":8}},"33":{"start":{"line":145,"column":11},"end":{"line":153,"column":5}},"34":{"start":{"line":146,"column":8},"end":{"line":146,"column":8}},"35":{"start":{"line":150,"column":8},"end":{"line":150,"column":8}}},"branchMap":{"1":{"line":58,"type":"if","locations":[{"start":{"line":104,"column":8},"end":{"line":104,"column":8}},{"start":{"line":104,"column":8},"end":{"line":104,"column":8}}]},"2":{"line":63,"type":"if","locations":[{"start":{"line":109,"column":8},"end":{"line":109,"column":8}},{"start":{"line":109,"column":8},"end":{"line":109,"column":8}}]},"3":{"line":65,"type":"if","locations":[{"start":{"line":111,"column":15},"end":{"line":111,"column":15}},{"start":{"line":111,"column":15},"end":{"line":111,"column":15}}]},"4":{"line":91,"type":"if","locations":[{"start":{"line":137,"column":4},"end":{"line":137,"column":4}},{"start":{"line":137,"column":4},"end":{"line":137,"column":4}}]},"5":{"line":96,"type":"if","locations":[{"start":{"line":142,"column":4},"end":{"line":142,"column":4}},{"start":{"line":142,"column":4},"end":{"line":142,"column":4}}]},"6":{"line":98,"type":"if","locations":[{"start":{"line":145,"column":11},"end":{"line":145,"column":11}},{"start":{"line":145,"column":11},"end":{"line":145,"column":11}}]}},"l":{"9":1,"10":1,"21":1,"69":1,"72":1,"73":47,"74":47,"81":1,"82":1,"83":1,"84":46,"85":46,"94":1,"96":0,"99":1,"100":0,"104":0,"105":0,"109":0,"110":0,"111":0,"112":0,"114":0,"119":0,"121":0,"130":1,"132":1,"134":1,"137":1,"138":0,"142":1,"143":0,"145":1,"146":0,"150":1}},
"/Users/benjamintoomer/athlib/lib/index.js":{"path":"/Users/benjamintoomer/athlib/lib/index.js","s":{"1":1,"2":1,"3":1,"4":1},"b":{},"f":{},"fnMap":{},"statementMap":{"1":{"start":{"line":1,"column":-15},"end":{"line":1,"column":-15}},"2":{"start":{"line":2,"column":0},"end":{"line":2,"column":0}},"3":{"start":{"line":3,"column":0},"end":{"line":3,"column":0}},"4":{"start":{"line":4,"column":0},"end":{"line":4,"column":0}}},"branchMap":{},"l":{"1":1,"2":1,"3":1,"4":1}},
"/Users/benjamintoomer/athlib/lib/utils.js":{"path":"/Users/benjamintoomer/athlib/lib/utils.js","s":{"1":1,"2":1,"3":1,"4":0,"5":1,"6":1,"7":0},"b":{"1":[0,1],"2":[1,0]},"f":{"1":1},"fnMap":{"1":{"name":"normalizeGender","line":4,"loc":{"start":{"line":2,"column":21},"end":{"line":2,"column":38}}}},"statementMap":{"1":{"start":{"line":1,"column":-15},"end":{"line":1,"column":-15}},"2":{"start":{"line":3,"column":8},"end":{"line":3,"column":8}},"3":{"start":{"line":4,"column":8},"end":{"line":6,"column":9}},"4":{"start":{"line":5,"column":12},"end":{"line":5,"column":12}},"5":{"start":{"line":7,"column":8},"end":{"line":9,"column":9}},"6":{"start":{"line":8,"column":12},"end":{"line":8,"column":12}},"7":{"start":{"line":10,"column":8},"end":{"line":10,"column":8}}},"branchMap":{"1":{"line":6,"type":"if","locations":[{"start":{"line":4,"column":8},"end":{"line":4,"column":8}},{"start":{"line":4,"column":8},"end":{"line":4,"column":8}}]},"2":{"line":9,"type":"if","locations":[{"start":{"line":7,"column":8},"end":{"line":7,"column":8}},{"start":{"line":7,"column":8},"end":{"line":7,"column":8}}]}},"l":{"1":1,"3":1,"4":1,"5":0,"7":1,"8":1,"10":0}},
"/Users/benjamintoomer/athlib/lib/uka/agegroups.js":{"path":"/Users/benjamintoomer/athlib/lib/uka/agegroups.js","s":{"1":1,"2":1,"3":0,"4":1,"5":2,"6":0,"7":2,"8":0,"9":2,"10":0,"11":2,"12":1,"13":1,"14":0,"15":0,"16":1,"17":1,"18":0,"19":1,"20":1,"21":1,"22":1,"23":1,"24":1,"25":0,"26":1,"27":0,"28":0,"29":0,"30":0,"31":0,"32":1,"33":1,"34":0,"35":0,"36":0,"37":1,"38":1,"39":1,"40":1,"41":1,"42":1,"43":0,"44":1,"45":1,"46":1,"47":0,"48":1,"49":0,"50":0,"51":0,"52":0,"53":0,"54":1,"55":1,"56":0,"57":0,"58":0,"59":1,"60":0,"61":0,"62":0,"63":0,"64":0,"65":0,"66":0,"67":1,"68":5,"69":5,"70":5,"71":5,"72":0},"b":{"1":[1,0],"2":[1,1],"3":[0,0],"4":[0,0,0,0],"5":[0,2],"6":[2,0],"7":[0,2],"8":[0,2],"9":[1,0,1,0,0],"10":[0,1],"11":[1,1],"12":[0,1],"13":[1,1],"14":[0,0,0,0,0,1],"15":[1,1],"16":[1,1],"17":[1,1],"18":[1,0],"19":[0,0],"20":[1,0],"21":[0,1],"22":[0,1],"23":[1,1],"24":[0,0,0,0,0,1],"25":[1,1],"26":[1,1],"27":[1,1],"28":[1,0],"29":[0,0],"30":[0,0]},"f":{"1":1,"2":0,"3":2,"4":1,"5":1,"6":0,"7":5},"fnMap":{"1":{"name":"(anonymous_1)","line":3,"loc":{"start":{"line":0,"column":0},"end":{"line":0,"column":0},"skip":true},"skip":true},"2":{"name":"(anonymous_2)","line":3,"loc":{"start":{"line":0,"column":0},"end":{"line":0,"column":0},"skip":true},"skip":true},"3":{"name":"(anonymous_3)","line":6,"loc":{"start":{"line":2,"column":24},"end":{"line":2,"column":81}}},"4":{"name":"(anonymous_4)","line":32,"loc":{"start":{"line":29,"column":20},"end":{"line":29,"column":67}}},"5":{"name":"(anonymous_5)","line":67,"loc":{"start":{"line":65,"column":20},"end":{"line":65,"column":67}}},"6":{"name":"(anonymous_6)","line":106,"loc":{"start":{"line":105,"column":20},"end":{"line":105,"column":52}}},"7":{"name":"_calculateAge","line":121,"loc":{"start":{"line":120,"column":0},"end":{"line":120,"column":45}}}},"statementMap":{"1":{"start":{"line":0,"column":0},"end":{"line":0,"column":0},"skip":true},"2":{"start":{"line":0,"column":0},"end":{"line":0,"column":0},"skip":true},"3":{"start":{"line":0,"column":0},"end":{"line":0,"column":0},"skip":true},"4":{"start":{"line":2,"column":0},"end":{"line":2,"column":0}},"5":{"start":{"line":3,"column":4},"end":{"line":6,"column":5}},"6":{"start":{"line":5,"column":8},"end":{"line":5,"column":8}},"7":{"start":{"line":8,"column":4},"end":{"line":10,"column":5}},"8":{"start":{"line":9,"column":8},"end":{"line":9,"column":8}},"9":{"start":{"line":12,"column":4},"end":{"line":14,"column":5}},"10":{"start":{"line":13,"column":8},"end":{"line":13,"column":8}},"11":{"start":{"line":15,"column":4},"end":{"line":15,"column":4}},"12":{"start":{"line":17,"column":12},"end":{"line":17,"column":12}},"13":{"start":{"line":20,"column":12},"end":{"line":20,"column":12}},"14":{"start":{"line":22,"column":12},"end":{"line":22,"column":12}},"15":{"start":{"line":24,"column":12},"end":{"line":24,"column":12}},"16":{"start":{"line":29,"column":0},"end":{"line":29,"column":0}},"17":{"start":{"line":30,"column":4},"end":{"line":33,"column":5}},"18":{"start":{"line":32,"column":8},"end":{"line":32,"column":8}},"19":{"start":{"line":34,"column":4},"end":{"line":34,"column":4}},"20":{"start":{"line":35,"column":4},"end":{"line":35,"column":4}},"21":{"start":{"line":36,"column":4},"end":{"line":36,"column":4}},"22":{"start":{"line":37,"column":4},"end":{"line":37,"column":4}},"23":{"start":{"line":38,"column":4},"end":{"line":38,"column":4}},"24":{"start":{"line":39,"column":4},"end":{"line":41,"column":5}},"25":{"start":{"line":40,"column":8},"end":{"line":40,"column":8}},"26":{"start":{"line":42,"column":4},"end":{"line":42,"column":4}},"27":{"start":{"line":44,"column":12},"end":{"line":44,"column":12}},"28":{"start":{"line":46,"column":12},"end":{"line":46,"column":12}},"29":{"start":{"line":48,"column":12},"end":{"line":48,"column":12}},"30":{"start":{"line":50,"column":12},"end":{"line":50,"column":12}},"31":{"start":{"line":52,"column":12},"end":{"line":52,"column":12}},"32":{"start":{"line":54,"column":12},"end":{"line":60,"column":13}},"33":{"start":{"line":55,"column":16},"end":{"line":55,"column":16}},"34":{"start":{"line":56,"column":19},"end":{"line":60,"column":13}},"35":{"start":{"line":57,"column":16},"end":{"line":57,"column":16}},"36":{"start":{"line":59,"column":16},"end":{"line":59,"column":16}},"37":{"start":{"line":65,"column":0},"end":{"line":65,"column":0}},"38":{"start":{"line":66,"column":4},"end":{"line":66,"column":4}},"39":{"start":{"line":67,"column":4},"end":{"line":76,"column":5}},"40":{"start":{"line":68,"column":8},"end":{"line":68,"column":8}},"41":{"start":{"line":69,"column":8},"end":{"line":71,"column":9}},"42":{"start":{"line":70,"column":12},"end":{"line":70,"column":12}},"43":{"start":{"line":74,"column":8},"end":{"line":74,"column":8}},"44":{"start":{"line":77,"column":4},"end":{"line":77,"column":4}},"45":{"start":{"line":78,"column":4},"end":{"line":78,"column":4}},"46":{"start":{"line":79,"column":4},"end":{"line":81,"column":5}},"47":{"start":{"line":80,"column":8},"end":{"line":80,"column":8}},"48":{"start":{"line":82,"column":4},"end":{"line":82,"column":4}},"49":{"start":{"line":84,"column":12},"end":{"line":84,"column":12}},"50":{"start":{"line":86,"column":12},"end":{"line":86,"column":12}},"51":{"start":{"line":88,"column":12},"end":{"line":88,"column":12}},"52":{"start":{"line":90,"column":12},"end":{"line":90,"column":12}},"53":{"start":{"line":92,"column":12},"end":{"line":92,"column":12}},"54":{"start":{"line":94,"column":12},"end":{"line":100,"column":13}},"55":{"start":{"line":95,"column":16},"end":{"line":95,"column":16}},"56":{"start":{"line":96,"column":19},"end":{"line":100,"column":13}},"57":{"start":{"line":97,"column":16},"end":{"line":97,"column":16}},"58":{"start":{"line":99,"column":16},"end":{"line":99,"column":16}},"59":{"start":{"line":105,"column":0},"end":{"line":105,"column":0}},"60":{"start":{"line":106,"column":4},"end":{"line":116,"column":5}},"61":{"start":{"line":107,"column":8},"end":{"line":107,"column":8}},"62":{"start":{"line":108,"column":8},"end":{"line":108,"column":8}},"63":{"start":{"line":109,"column":8},"end":{"line":109,"column":8}},"64":{"start":{"line":110,"column":8},"end":{"line":112,"column":9}},"65":{"start":{"line":111,"column":12},"end":{"line":111,"column":12}},"66":{"start":{"line":115,"column":8},"end":{"line":115,"column":8}},"67":{"start":{"line":120,"column":0},"end":{"line":129,"column":1}},"68":{"start":{"line":121,"column":4},"end":{"line":128,"column":5}},"69":{"start":{"line":122,"column":8},"end":{"line":122,"column":8}},"70":{"start":{"line":123,"column":8},"end":{"line":121,"column":8}},"71":{"start":{"line":124,"column":8},"end":{"line":124,"column":8}},"72":{"start":{"line":127,"column":8},"end":{"line":127,"column":8}}},"branchMap":{"1":{"line":3,"type":"cond-expr","locations":[{"start":{"line":0,"column":0},"end":{"line":0,"column":0},"skip":true},{"start":{"line":0,"column":0},"end":{"line":0,"column":0},"skip":true}]},"2":{"line":3,"type":"binary-expr","locations":[{"start":{"line":0,"column":0},"end":{"line":0,"column":0},"skip":true},{"start":{"line":0,"column":0},"end":{"line":0,"column":0},"skip":true}]},"3":{"line":3,"type":"cond-expr","locations":[{"start":{"line":0,"column":0},"end":{"line":0,"column":0},"skip":true},{"start":{"line":0,"column":0},"end":{"line":0,"column":0},"skip":true}]},"4":{"line":3,"type":"binary-expr","locations":[{"start":{"line":0,"column":0},"end":{"line":0,"column":0},"skip":true},{"start":{"line":0,"column":0},"end":{"line":0,"column":0},"skip":true},{"start":{"line":0,"column":0},"end":{"line":0,"column":0},"skip":true},{"start":{"line":0,"column":0},"end":{"line":0,"column":0},"skip":true}]},"5":{"line":7,"type":"if","locations":[{"start":{"line":3,"column":4},"end":{"line":3,"column":4}},{"start":{"line":3,"column":4},"end":{"line":3,"column":4}}]},"6":{"line":7,"type":"binary-expr","locations":[{"start":{"line":3,"column":10},"end":{"line":3,"column":10}},{"start":{"line":4,"column":8},"end":{"line":3,"column":8}}]},"7":{"line":11,"type":"if","locations":[{"start":{"line":8,"column":4},"end":{"line":8,"column":4}},{"start":{"line":8,"column":4},"end":{"line":8,"column":4}}]},"8":{"line":15,"type":"if","locations":[{"start":{"line":12,"column":4},"end":{"line":12,"column":4}},{"start":{"line":12,"column":4},"end":{"line":12,"column":4}}]},"9":{"line":18,"type":"switch","locations":[{"start":{"line":16,"column":8},"end":{"line":17,"column":12}},{"start":{"line":18,"column":8},"end":{"line":18,"column":8}},{"start":{"line":19,"column":8},"end":{"line":20,"column":12}},{"start":{"line":21,"column":8},"end":{"line":22,"column":12}},{"start":{"line":23,"column":8},"end":{"line":24,"column":12}}]},"10":{"line":33,"type":"if","locations":[{"start":{"line":30,"column":4},"end":{"line":30,"column":4}},{"start":{"line":30,"column":4},"end":{"line":30,"column":4}}]},"11":{"line":33,"type":"binary-expr","locations":[{"start":{"line":30,"column":10},"end":{"line":30,"column":10}},{"start":{"line":31,"column":12},"end":{"line":30,"column":8}}]},"12":{"line":41,"type":"if","locations":[{"start":{"line":39,"column":4},"end":{"line":39,"column":4}},{"start":{"line":39,"column":4},"end":{"line":39,"column":4}}]},"13":{"line":41,"type":"binary-expr","locations":[{"start":{"line":39,"column":8},"end":{"line":39,"column":8}},{"start":{"line":39,"column":20},"end":{"line":39,"column":4}}]},"14":{"line":44,"type":"switch","locations":[{"start":{"line":43,"column":8},"end":{"line":44,"column":12}},{"start":{"line":45,"column":8},"end":{"line":46,"column":12}},{"start":{"line":47,"column":8},"end":{"line":48,"column":12}},{"start":{"line":49,"column":8},"end":{"line":50,"column":12}},{"start":{"line":51,"column":8},"end":{"line":52,"column":12}},{"start":{"line":53,"column":8},"end":{"line":60,"column":13}}]},"15":{"line":47,"type":"binary-expr","locations":[{"start":{"line":45,"column":14},"end":{"line":45,"column":14}},{"start":{"line":45,"column":35},"end":{"line":45,"column":8}}]},"16":{"line":49,"type":"binary-expr","locations":[{"start":{"line":47,"column":14},"end":{"line":47,"column":14}},{"start":{"line":47,"column":35},"end":{"line":47,"column":8}}]},"17":{"line":51,"type":"binary-expr","locations":[{"start":{"line":49,"column":14},"end":{"line":49,"column":14}},{"start":{"line":49,"column":35},"end":{"line":49,"column":8}}]},"18":{"line":56,"type":"if","locations":[{"start":{"line":54,"column":12},"end":{"line":54,"column":12}},{"start":{"line":54,"column":12},"end":{"line":54,"column":12}}]},"19":{"line":58,"type":"if","locations":[{"start":{"line":56,"column":19},"end":{"line":56,"column":19}},{"start":{"line":56,"column":19},"end":{"line":56,"column":19}}]},"20":{"line":71,"type":"if","locations":[{"start":{"line":69,"column":8},"end":{"line":69,"column":8}},{"start":{"line":69,"column":8},"end":{"line":69,"column":8}}]},"21":{"line":71,"type":"cond-expr","locations":[{"start":{"line":69,"column":12},"end":{"line":69,"column":12}},{"start":{"line":69,"column":12},"end":{"line":69,"column":12}}]},"22":{"line":80,"type":"if","locations":[{"start":{"line":79,"column":4},"end":{"line":79,"column":4}},{"start":{"line":79,"column":4},"end":{"line":79,"column":4}}]},"23":{"line":80,"type":"binary-expr","locations":[{"start":{"line":79,"column":8},"end":{"line":79,"column":8}},{"start":{"line":79,"column":20},"end":{"line":79,"column":4}}]},"24":{"line":83,"type":"switch","locations":[{"start":{"line":83,"column":8},"end":{"line":84,"column":12}},{"start":{"line":85,"column":8},"end":{"line":86,"column":12}},{"start":{"line":87,"column":8},"end":{"line":88,"column":12}},{"start":{"line":89,"column":8},"end":{"line":90,"column":12}},{"start":{"line":91,"column":8},"end":{"line":92,"column":12}},{"start":{"line":93,"column":8},"end":{"line":100,"column":13}}]},"25":{"line":86,"type":"binary-expr","locations":[{"start":{"line":85,"column":14},"end":{"line":85,"column":14}},{"start":{"line":85,"column":35},"end":{"line":85,"column":8}}]},"26":{"line":88,"type":"binary-expr","locations":[{"start":{"line":87,"column":14},"end":{"line":87,"column":14}},{"start":{"line":87,"column":35},"end":{"line":87,"column":8}}]},"27":{"line":90,"type":"binary-expr","locations":[{"start":{"line":89,"column":14},"end":{"line":89,"column":14}},{"start":{"line":89,"column":35},"end":{"line":89,"column":8}}]},"28":{"line":95,"type":"if","locations":[{"start":{"line":94,"column":12},"end":{"line":94,"column":12}},{"start":{"line":94,"column":12},"end":{"line":94,"column":12}}]},"29":{"line":97,"type":"if","locations":[{"start":{"line":96,"column":19},"end":{"line":96,"column":19}},{"start":{"line":96,"column":19},"end":{"line":96,"column":19}}]},"30":{"line":111,"type":"if","locations":[{"start":{"line":110,"column":8},"end":{"line":110,"column":8}},{"start":{"line":110,"column":8},"end":{"line":110,"column":8}}]}},"l":{"0":1,"2":1,"3":2,"5":0,"8":2,"9":0,"12":2,"13":0,"15":2,"17":1,"20":1,"22":0,"24":0,"29":1,"30":1,"32":0,"34":1,"35":1,"36":1,"37":1,"38":1,"39":1,"40":0,"42":1,"44":0,"46":0,"48":0,"50":0,"52":0,"54":1,"55":1,"56":0,"57":0,"59":0,"65":1,"66":1,"67":1,"68":1,"69":1,"70":1,"74":0,"77":1,"78":1,"79":1,"80":0,"82":1,"84":0,"86":0,"88":0,"90":0,"92":0,"94":1,"95":1,"96":0,"97":0,"99":0,"105":1,"106":0,"107":0,"108":0,"109":0,"110":0,"111":0,"115":0,"120":1,"121":5,"122":5,"123":5,"124":5,"127":0}},
"/Users/benjamintoomer/athlib/lib/wma/agegrader.js":{"path":"/Users/benjamintoomer/athlib/lib/wma/agegrader.js","s":{"1":1,"2":1,"3":1,"4":6,"5":6,"6":6,"7":6,"8":2,"9":6,"10":1,"11":1,"12":1,"13":1,"14":0,"15":1,"16":1,"17":2,"18":0,"19":1,"20":1,"21":2,"22":1,"23":2,"24":2,"25":1,"26":1,"27":0,"28":1,"29":73,"30":1,"31":73,"32":1,"33":0,"34":0,"35":2,"36":4,"37":1,"38":1,"39":1,"40":1,"41":73,"42":5329,"43":73,"44":1},"b":{"1":[6,6],"2":[2,4],"3":[1,0],"4":[0,1],"5":[0,2],"6":[2,0],"7":[0,1],"8":[73,5256]},"f":{"1":1,"2":1,"3":1,"4":2,"5":1,"6":2,"7":2,"8":1,"9":73,"10":73,"11":0,"12":0,"13":2,"14":4,"15":1},"fnMap":{"1":{"name":"(anonymous_1)","line":3,"loc":{"start":{"line":0,"column":0},"end":{"line":0,"column":0},"skip":true},"skip":true},"2":{"name":"defineProperties","line":3,"loc":{"start":{"line":0,"column":0},"end":{"line":0,"column":0},"skip":true},"skip":true},"3":{"name":"(anonymous_3)","line":3,"loc":{"start":{"line":0,"column":0},"end":{"line":0,"column":0},"skip":true},"skip":true},"4":{"name":"_classCallCheck","line":5,"loc":{"start":{"line":0,"column":0},"end":{"line":0,"column":0},"skip":true},"skip":true},"5":{"name":"(anonymous_5)","line":7,"loc":{"start":{"line":1,"column":-15},"end":{"line":1,"column":-15}}},"6":{"name":"AgeGrader","line":8,"loc":{"start":{"line":1,"column":-15},"end":{"line":1,"column":-15}}},"7":{"name":"getData","line":14,"loc":{"start":{"line":1,"column":-15},"end":{"line":6,"column":14}}},"8":{"name":"getAllEventCodes","line":21,"loc":{"start":{"line":1,"column":-15},"end":{"line":11,"column":23}}},"9":{"name":"(anonymous_9)","line":26,"loc":{"start":{"line":16,"column":54},"end":{"line":16,"column":71}}},"10":{"name":"(anonymous_10)","line":29,"loc":{"start":{"line":19,"column":56},"end":{"line":19,"column":73}}},"11":{"name":"get","line":36,"loc":{"start":{"line":1,"column":-15},"end":{"line":2,"column":17}}},"12":{"name":"get","line":41,"loc":{"start":{"line":1,"column":-15},"end":{"line":3,"column":17}}},"13":{"name":"get","line":46,"loc":{"start":{"line":1,"column":-15},"end":{"line":4,"column":19}}},"14":{"name":"get","line":51,"loc":{"start":{"line":1,"column":-15},"end":{"line":5,"column":15}}},"15":{"name":"(anonymous_15)","line":60,"loc":{"start":{"line":28,"column":25},"end":{"line":28,"column":36}}}},"statementMap":{"1":{"start":{"line":0,"column":0},"end":{"line":0,"column":0},"skip":true},"2":{"start":{"line":0,"column":0},"end":{"line":0,"column":0},"skip":true},"3":{"start":{"line":0,"column":0},"end":{"line":0,"column":0},"skip":true},"4":{"start":{"line":0,"column":0},"end":{"line":0,"column":0},"skip":true},"5":{"start":{"line":0,"column":0},"end":{"line":0,"column":0},"skip":true},"6":{"start":{"line":0,"column":0},"end":{"line":0,"column":0},"skip":true},"7":{"start":{"line":0,"column":0},"end":{"line":0,"column":0},"skip":true},"8":{"start":{"line":0,"column":0},"end":{"line":0,"column":0},"skip":true},"9":{"start":{"line":0,"column":0},"end":{"line":0,"column":0},"skip":true},"10":{"start":{"line":0,"column":0},"end":{"line":0,"column":0},"skip":true},"11":{"start":{"line":0,"column":0},"end":{"line":0,"column":0},"skip":true},"12":{"start":{"line":0,"column":0},"end":{"line":0,"column":0},"skip":true},"13":{"start":{"line":0,"column":0},"end":{"line":0,"column":0},"skip":true},"14":{"start":{"line":0,"column":0},"end":{"line":0,"column":0},"skip":true},"15":{"start":{"line":0,"column":0},"end":{"line":0,"column":0},"skip":true},"16":{"start":{"line":0,"column":0},"end":{"line":0,"column":0},"skip":true},"17":{"start":{"line":0,"column":0},"end":{"line":0,"column":0},"skip":true},"18":{"start":{"line":0,"column":0},"end":{"line":0,"column":0},"skip":true},"19":{"start":{"line":1,"column":-15},"end":{"line":1,"column":-15}},"20":{"start":{"line":1,"column":-15},"end":{"line":1,"column":-15}},"21":{"start":{"line":1,"column":-15},"end":{"line":1,"column":-15}},"22":{"start":{"line":1,"column":-15},"end":{"line":1,"column":-15}},"23":{"start":{"line":7,"column":8},"end":{"line":9,"column":9}},"24":{"start":{"line":8,"column":12},"end":{"line":8,"column":12}},"25":{"start":{"line":12,"column":8},"end":{"line":12,"column":8}},"26":{"start":{"line":13,"column":8},"end":{"line":15,"column":9}},"27":{"start":{"line":14,"column":12},"end":{"line":14,"column":12}},"28":{"start":{"line":16,"column":8},"end":{"line":16,"column":8}},"29":{"start":{"line":17,"column":12},"end":{"line":16,"column":71}},"30":{"start":{"line":19,"column":8},"end":{"line":19,"column":8}},"31":{"start":{"line":20,"column":12},"end":{"line":19,"column":73}},"32":{"start":{"line":22,"column":8},"end":{"line":22,"column":8}},"33":{"start":{"line":2,"column":19},"end":{"line":2,"column":19}},"34":{"start":{"line":3,"column":19},"end":{"line":3,"column":19}},"35":{"start":{"line":4,"column":21},"end":{"line":4,"column":21}},"36":{"start":{"line":5,"column":17},"end":{"line":5,"column":17}},"37":{"start":{"line":1,"column":-15},"end":{"line":1,"column":-15}},"38":{"start":{"line":28,"column":0},"end":{"line":28,"column":0}},"39":{"start":{"line":29,"column":4},"end":{"line":29,"column":4}},"40":{"start":{"line":30,"column":4},"end":{"line":35,"column":5}},"41":{"start":{"line":31,"column":8},"end":{"line":34,"column":9}},"42":{"start":{"line":32,"column":12},"end":{"line":33,"column":16}},"43":{"start":{"line":33,"column":16},"end":{"line":33,"column":16}},"44":{"start":{"line":37,"column":4},"end":{"line":37,"column":4}}},"branchMap":{"1":{"line":3,"type":"binary-expr","locations":[{"start":{"line":0,"column":0},"end":{"line":0,"column":0},"skip":true},{"start":{"line":0,"column":0},"end":{"line":0,"column":0},"skip":true}]},"2":{"line":3,"type":"if","locations":[{"start":{"line":0,"column":0},"end":{"line":0,"column":0},"skip":true},{"start":{"line":0,"column":0},"end":{"line":0,"column":0},"skip":true}]},"3":{"line":3,"type":"if","locations":[{"start":{"line":0,"column":0},"end":{"line":0,"column":0},"skip":true},{"start":{"line":0,"column":0},"end":{"line":0,"column":0},"skip":true}]},"4":{"line":3,"type":"if","locations":[{"start":{"line":0,"column":0},"end":{"line":0,"column":0},"skip":true},{"start":{"line":0,"column":0},"end":{"line":0,"column":0},"skip":true}]},"5":{"line":5,"type":"if","locations":[{"start":{"line":0,"column":0},"end":{"line":0,"column":0},"skip":true},{"start":{"line":0,"column":0},"end":{"line":0,"column":0},"skip":true}]},"6":{"line":15,"type":"if","locations":[{"start":{"line":7,"column":8},"end":{"line":7,"column":8}},{"start":{"line":7,"column":8},"end":{"line":7,"column":8}}]},"7":{"line":23,"type":"if","locations":[{"start":{"line":13,"column":8},"end":{"line":13,"column":8}},{"start":{"line":13,"column":8},"end":{"line":13,"column":8}}]},"8":{"line":64,"type":"if","locations":[{"start":{"line":32,"column":12},"end":{"line":32,"column":12}},{"start":{"line":32,"column":12},"end":{"line":32,"column":12}}]}},"l":{"0":6,"1":2,"2":0,"3":0,"4":2,"5":4,"7":2,"8":2,"12":1,"13":1,"14":0,"16":1,"17":73,"19":1,"20":73,"22":1,"28":1,"29":1,"30":1,"31":73,"32":5329,"33":73,"37":1}}}
