{
"/Users/benjamintoomer/athlib/lib/index.js":{"path":"/Users/benjamintoomer/athlib/lib/index.js","s":{"1":1,"2":1},"b":{},"f":{},"fnMap":{},"statementMap":{"1":{"start":{"line":1,"column":-15},"end":{"line":1,"column":-15}},"2":{"start":{"line":2,"column":0},"end":{"line":2,"column":0}}},"branchMap":{},"l":{"1":1,"2":1}},
"/Users/benjamintoomer/athlib/lib/utils.js":{"path":"/Users/benjamintoomer/athlib/lib/utils.js","s":{"1":1,"2":1,"3":1,"4":0,"5":1,"6":1,"7":0},"b":{"1":[0,1],"2":[1,0]},"f":{"1":1},"fnMap":{"1":{"name":"normalizeGender","line":4,"loc":{"start":{"line":2,"column":21},"end":{"line":2,"column":38}}}},"statementMap":{"1":{"start":{"line":1,"column":-15},"end":{"line":1,"column":-15}},"2":{"start":{"line":3,"column":8},"end":{"line":3,"column":8}},"3":{"start":{"line":4,"column":8},"end":{"line":6,"column":9}},"4":{"start":{"line":5,"column":12},"end":{"line":5,"column":12}},"5":{"start":{"line":7,"column":8},"end":{"line":9,"column":9}},"6":{"start":{"line":8,"column":12},"end":{"line":8,"column":12}},"7":{"start":{"line":10,"column":8},"end":{"line":10,"column":8}}},"branchMap":{"1":{"line":6,"type":"if","locations":[{"start":{"line":4,"column":8},"end":{"line":4,"column":8}},{"start":{"line":4,"column":8},"end":{"line":4,"column":8}}]},"2":{"line":9,"type":"if","locations":[{"start":{"line":7,"column":8},"end":{"line":7,"column":8}},{"start":{"line":7,"column":8},"end":{"line":7,"column":8}}]}},"l":{"1":1,"3":1,"4":1,"5":0,"7":1,"8":1,"10":0}},
"/Users/benjamintoomer/athlib/lib/uka/agegroups.js":{"path":"/Users/benjamintoomer/athlib/lib/uka/agegroups.js","s":{"1":1,"2":1,"3":0,"4":1,"5":0,"6":0,"7":0,"8":0,"9":0,"10":0,"11":0,"12":0,"13":0,"14":0,"15":0,"16":1,"17":1,"18":1,"19":1,"20":1,"21":1,"22":1,"23":1,"24":0,"25":1,"26":1,"27":1,"28":1,"29":1,"30":1,"31":0,"32":1,"33":0,"34":0,"35":0,"36":0,"37":0,"38":1,"39":0,"40":1},"b":{"1":[1,0],"2":[1,1],"3":[0,0],"4":[0,0,0,0],"5":[0,0],"6":[0,0],"7":[0,0],"8":[0,0],"9":[0,0],"10":[0,0],"11":[0,0,0,0,0],"12":[1,0],"13":[0,1],"14":[0,1],"15":[1,0],"16":[0,0,0,0,0,1],"17":[1,1],"18":[1,1],"19":[1,1],"20":[0,1]},"f":{"1":1,"2":0,"3":0,"4":1},"fnMap":{"1":{"name":"(anonymous_1)","line":3,"loc":{"start":{"line":0,"column":0},"end":{"line":0,"column":0},"skip":true},"skip":true},"2":{"name":"(anonymous_2)","line":3,"loc":{"start":{"line":0,"column":0},"end":{"line":0,"column":0},"skip":true},"skip":true},"3":{"name":"(anonymous_3)","line":6,"loc":{"start":{"line":2,"column":24},"end":{"line":2,"column":81}}},"4":{"name":"(anonymous_4)","line":32,"loc":{"start":{"line":29,"column":18},"end":{"line":29,"column":75}}}},"statementMap":{"1":{"start":{"line":0,"column":0},"end":{"line":0,"column":0},"skip":true},"2":{"start":{"line":0,"column":0},"end":{"line":0,"column":0},"skip":true},"3":{"start":{"line":0,"column":0},"end":{"line":0,"column":0},"skip":true},"4":{"start":{"line":2,"column":0},"end":{"line":2,"column":0}},"5":{"start":{"line":3,"column":4},"end":{"line":6,"column":5}},"6":{"start":{"line":5,"column":8},"end":{"line":5,"column":8}},"7":{"start":{"line":8,"column":4},"end":{"line":10,"column":5}},"8":{"start":{"line":9,"column":8},"end":{"line":9,"column":8}},"9":{"start":{"line":12,"column":4},"end":{"line":14,"column":5}},"10":{"start":{"line":13,"column":8},"end":{"line":13,"column":8}},"11":{"start":{"line":15,"column":4},"end":{"line":15,"column":4}},"12":{"start":{"line":17,"column":12},"end":{"line":17,"column":12}},"13":{"start":{"line":20,"column":12},"end":{"line":20,"column":12}},"14":{"start":{"line":22,"column":12},"end":{"line":22,"column":12}},"15":{"start":{"line":24,"column":12},"end":{"line":24,"column":12}},"16":{"start":{"line":29,"column":0},"end":{"line":29,"column":0}},"17":{"start":{"line":30,"column":4},"end":{"line":30,"column":4}},"18":{"start":{"line":31,"column":4},"end":{"line":31,"column":4}},"19":{"start":{"line":32,"column":4},"end":{"line":41,"column":5}},"20":{"start":{"line":33,"column":8},"end":{"line":33,"column":8}},"21":{"start":{"line":34,"column":8},"end":{"line":34,"column":8}},"22":{"start":{"line":35,"column":8},"end":{"line":37,"column":9}},"23":{"start":{"line":36,"column":12},"end":{"line":36,"column":12}},"24":{"start":{"line":40,"column":8},"end":{"line":40,"column":8}},"25":{"start":{"line":42,"column":4},"end":{"line":42,"column":4}},"26":{"start":{"line":43,"column":4},"end":{"line":43,"column":4}},"27":{"start":{"line":44,"column":4},"end":{"line":44,"column":4}},"28":{"start":{"line":45,"column":4},"end":{"line":45,"column":4}},"29":{"start":{"line":46,"column":4},"end":{"line":46,"column":4}},"30":{"start":{"line":47,"column":4},"end":{"line":49,"column":5}},"31":{"start":{"line":48,"column":8},"end":{"line":48,"column":8}},"32":{"start":{"line":50,"column":4},"end":{"line":50,"column":4}},"33":{"start":{"line":52,"column":12},"end":{"line":52,"column":12}},"34":{"start":{"line":54,"column":12},"end":{"line":54,"column":12}},"35":{"start":{"line":56,"column":12},"end":{"line":56,"column":12}},"36":{"start":{"line":58,"column":12},"end":{"line":58,"column":12}},"37":{"start":{"line":60,"column":12},"end":{"line":60,"column":12}},"38":{"start":{"line":62,"column":12},"end":{"line":64,"column":13}},"39":{"start":{"line":63,"column":16},"end":{"line":63,"column":16}},"40":{"start":{"line":65,"column":12},"end":{"line":65,"column":12}}},"branchMap":{"1":{"line":3,"type":"cond-expr","locations":[{"start":{"line":0,"column":0},"end":{"line":0,"column":0},"skip":true},{"start":{"line":0,"column":0},"end":{"line":0,"column":0},"skip":true}]},"2":{"line":3,"type":"binary-expr","locations":[{"start":{"line":0,"column":0},"end":{"line":0,"column":0},"skip":true},{"start":{"line":0,"column":0},"end":{"line":0,"column":0},"skip":true}]},"3":{"line":3,"type":"cond-expr","locations":[{"start":{"line":0,"column":0},"end":{"line":0,"column":0},"skip":true},{"start":{"line":0,"column":0},"end":{"line":0,"column":0},"skip":true}]},"4":{"line":3,"type":"binary-expr","locations":[{"start":{"line":0,"column":0},"end":{"line":0,"column":0},"skip":true},{"start":{"line":0,"column":0},"end":{"line":0,"column":0},"skip":true},{"start":{"line":0,"column":0},"end":{"line":0,"column":0},"skip":true},{"start":{"line":0,"column":0},"end":{"line":0,"column":0},"skip":true}]},"5":{"line":7,"type":"if","locations":[{"start":{"line":3,"column":4},"end":{"line":3,"column":4}},{"start":{"line":3,"column":4},"end":{"line":3,"column":4}}]},"6":{"line":7,"type":"binary-expr","locations":[{"start":{"line":3,"column":8},"end":{"line":3,"column":8}},{"start":{"line":4,"column":8},"end":{"line":3,"column":4}}]},"7":{"line":7,"type":"cond-expr","locations":[{"start":{"line":3,"column":8},"end":{"line":3,"column":8}},{"start":{"line":3,"column":8},"end":{"line":3,"column":8}}]},"8":{"line":7,"type":"cond-expr","locations":[{"start":{"line":4,"column":8},"end":{"line":4,"column":8}},{"start":{"line":4,"column":8},"end":{"line":4,"column":8}}]},"9":{"line":11,"type":"if","locations":[{"start":{"line":8,"column":4},"end":{"line":8,"column":4}},{"start":{"line":8,"column":4},"end":{"line":8,"column":4}}]},"10":{"line":15,"type":"if","locations":[{"start":{"line":12,"column":4},"end":{"line":12,"column":4}},{"start":{"line":12,"column":4},"end":{"line":12,"column":4}}]},"11":{"line":18,"type":"switch","locations":[{"start":{"line":16,"column":8},"end":{"line":17,"column":12}},{"start":{"line":18,"column":8},"end":{"line":18,"column":8}},{"start":{"line":19,"column":8},"end":{"line":20,"column":12}},{"start":{"line":21,"column":8},"end":{"line":22,"column":12}},{"start":{"line":23,"column":8},"end":{"line":24,"column":12}}]},"12":{"line":38,"type":"if","locations":[{"start":{"line":35,"column":8},"end":{"line":35,"column":8}},{"start":{"line":35,"column":8},"end":{"line":35,"column":8}}]},"13":{"line":38,"type":"cond-expr","locations":[{"start":{"line":35,"column":12},"end":{"line":35,"column":12}},{"start":{"line":35,"column":12},"end":{"line":35,"column":12}}]},"14":{"line":50,"type":"if","locations":[{"start":{"line":47,"column":4},"end":{"line":47,"column":4}},{"start":{"line":47,"column":4},"end":{"line":47,"column":4}}]},"15":{"line":50,"type":"binary-expr","locations":[{"start":{"line":47,"column":8},"end":{"line":47,"column":8}},{"start":{"line":47,"column":20},"end":{"line":47,"column":4}}]},"16":{"line":53,"type":"switch","locations":[{"start":{"line":51,"column":8},"end":{"line":52,"column":12}},{"start":{"line":53,"column":8},"end":{"line":54,"column":12}},{"start":{"line":55,"column":8},"end":{"line":56,"column":12}},{"start":{"line":57,"column":8},"end":{"line":58,"column":12}},{"start":{"line":59,"column":8},"end":{"line":60,"column":12}},{"start":{"line":61,"column":8},"end":{"line":65,"column":12}}]},"17":{"line":56,"type":"binary-expr","locations":[{"start":{"line":53,"column":14},"end":{"line":53,"column":14}},{"start":{"line":53,"column":35},"end":{"line":53,"column":8}}]},"18":{"line":58,"type":"binary-expr","locations":[{"start":{"line":55,"column":14},"end":{"line":55,"column":14}},{"start":{"line":55,"column":35},"end":{"line":55,"column":8}}]},"19":{"line":60,"type":"binary-expr","locations":[{"start":{"line":57,"column":14},"end":{"line":57,"column":14}},{"start":{"line":57,"column":35},"end":{"line":57,"column":8}}]},"20":{"line":65,"type":"if","locations":[{"start":{"line":62,"column":12},"end":{"line":62,"column":12}},{"start":{"line":62,"column":12},"end":{"line":62,"column":12}}]}},"l":{"0":1,"2":1,"3":0,"5":0,"8":0,"9":0,"12":0,"13":0,"15":0,"17":0,"20":0,"22":0,"24":0,"29":1,"30":1,"31":1,"32":1,"33":1,"34":1,"35":1,"36":1,"40":0,"42":1,"43":1,"44":1,"45":1,"46":1,"47":1,"48":0,"50":1,"52":0,"54":0,"56":0,"58":0,"60":0,"62":1,"63":0,"65":1}}}
