TN:
SF:/Users/benjamintoomer/athlib/lib/index.js
FNF:0
FNH:0
DA:1,1
DA:2,1
LF:2
LH:2
BRF:0
BRH:0
end_of_record
TN:
SF:/Users/benjamintoomer/athlib/lib/utils.js
FN:4,normalizeGender
FNF:1
FNH:1
FNDA:1,normalizeGender
DA:1,1
DA:3,1
DA:4,1
DA:5,0
DA:7,1
DA:8,1
DA:10,0
LF:7
LH:5
BRDA:6,1,0,0
BRDA:6,1,1,1
BRDA:9,2,0,1
BRDA:9,2,1,0
BRF:4
BRH:2
end_of_record
TN:
SF:/Users/benjamintoomer/athlib/lib/uka/agegroups.js
FN:3,(anonymous_1)
FN:3,(anonymous_2)
FN:6,(anonymous_3)
FN:32,(anonymous_4)
FNF:4
FNH:3
FNDA:1,(anonymous_1)
FNDA:0,(anonymous_2)
FNDA:0,(anonymous_3)
FNDA:1,(anonymous_4)
DA:0,1
DA:2,1
DA:3,0
DA:5,0
DA:8,0
DA:9,0
DA:12,0
DA:13,0
DA:15,0
DA:17,0
DA:20,0
DA:22,0
DA:24,0
DA:29,1
DA:30,1
DA:31,1
DA:32,1
DA:33,1
DA:34,1
DA:35,1
DA:36,1
DA:40,0
DA:42,1
DA:43,1
DA:44,1
DA:45,1
DA:46,1
DA:47,1
DA:48,0
DA:50,1
DA:52,0
DA:54,0
DA:56,0
DA:58,0
DA:60,0
DA:62,1
DA:63,0
DA:65,1
LF:38
LH:19
BRDA:3,1,0,1
BRDA:3,1,1,0
BRDA:3,2,0,1
BRDA:3,2,1,1
BRDA:3,3,0,0
BRDA:3,3,1,0
BRDA:3,4,0,0
BRDA:3,4,1,0
BRDA:3,4,2,0
BRDA:3,4,3,0
BRDA:7,5,0,0
BRDA:7,5,1,0
BRDA:7,6,0,0
BRDA:7,6,1,0
BRDA:7,7,0,0
BRDA:7,7,1,0
BRDA:7,8,0,0
BRDA:7,8,1,0
BRDA:11,9,0,0
BRDA:11,9,1,0
BRDA:15,10,0,0
BRDA:15,10,1,0
BRDA:18,11,0,0
BRDA:18,11,1,0
BRDA:18,11,2,0
BRDA:18,11,3,0
BRDA:18,11,4,0
BRDA:38,12,0,1
BRDA:38,12,1,0
BRDA:38,13,0,0
BRDA:38,13,1,1
BRDA:50,14,0,0
BRDA:50,14,1,1
BRDA:50,15,0,1
BRDA:50,15,1,0
BRDA:53,16,0,0
BRDA:53,16,1,0
BRDA:53,16,2,0
BRDA:53,16,3,0
BRDA:53,16,4,0
BRDA:53,16,5,1
BRDA:56,17,0,1
BRDA:56,17,1,1
BRDA:58,18,0,1
BRDA:58,18,1,1
BRDA:60,19,0,1
BRDA:60,19,1,1
BRDA:65,20,0,0
BRDA:65,20,1,1
BRF:49
BRH:22
end_of_record
