TN:
SF:/Users/benjamintoomer/athlib/lib/codes.js
FNF:0
FNH:0
DA:3,0
DA:4,0
DA:5,0
DA:6,0
DA:8,0
DA:9,0
LF:6
LH:0
BRF:0
BRH:0
end_of_record
TN:
SF:/Users/benjamintoomer/athlib/lib/index.js
FNF:0
FNH:0
DA:1,1
DA:2,1
DA:3,1
LF:3
LH:3
BRF:0
BRH:0
end_of_record
TN:
SF:/Users/benjamintoomer/athlib/lib/utils.js
FN:4,normalizeGender
FNF:1
FNH:1
FNDA:1,normalizeGender
DA:1,1
DA:3,1
DA:4,1
DA:5,0
DA:7,1
DA:8,1
DA:10,0
LF:7
LH:5
BRDA:6,1,0,0
BRDA:6,1,1,1
BRDA:9,2,0,1
BRDA:9,2,1,0
BRF:4
BRH:2
end_of_record
TN:
SF:/Users/benjamintoomer/athlib/lib/uka/agegroups.js
FN:3,(anonymous_1)
FN:3,(anonymous_2)
FN:6,(anonymous_3)
FN:32,(anonymous_4)
FN:67,(anonymous_5)
FN:106,(anonymous_6)
FN:121,_calculateAge
FNF:7
FNH:6
FNDA:1,(anonymous_1)
FNDA:0,(anonymous_2)
FNDA:2,(anonymous_3)
FNDA:1,(anonymous_4)
FNDA:1,(anonymous_5)
FNDA:0,(anonymous_6)
FNDA:5,_calculateAge
DA:0,1
DA:2,1
DA:3,2
DA:5,0
DA:8,2
DA:9,0
DA:12,2
DA:13,0
DA:15,2
DA:17,1
DA:20,1
DA:22,0
DA:24,0
DA:29,1
DA:30,1
DA:32,0
DA:34,1
DA:35,1
DA:36,1
DA:37,1
DA:38,1
DA:39,1
DA:40,0
DA:42,1
DA:44,0
DA:46,0
DA:48,0
DA:50,0
DA:52,0
DA:54,1
DA:55,1
DA:56,0
DA:57,0
DA:59,0
DA:65,1
DA:66,1
DA:67,1
DA:68,1
DA:69,1
DA:70,1
DA:74,0
DA:77,1
DA:78,1
DA:79,1
DA:80,0
DA:82,1
DA:84,0
DA:86,0
DA:88,0
DA:90,0
DA:92,0
DA:94,1
DA:95,1
DA:96,0
DA:97,0
DA:99,0
DA:105,1
DA:106,0
DA:107,0
DA:108,0
DA:109,0
DA:110,0
DA:111,0
DA:115,0
DA:120,1
DA:121,5
DA:122,5
DA:123,5
DA:124,5
DA:127,0
LF:70
LH:37
BRDA:3,1,0,1
BRDA:3,1,1,0
BRDA:3,2,0,1
BRDA:3,2,1,1
BRDA:3,3,0,0
BRDA:3,3,1,0
BRDA:3,4,0,0
BRDA:3,4,1,0
BRDA:3,4,2,0
BRDA:3,4,3,0
BRDA:7,5,0,0
BRDA:7,5,1,2
BRDA:7,6,0,2
BRDA:7,6,1,0
BRDA:11,7,0,0
BRDA:11,7,1,2
BRDA:15,8,0,0
BRDA:15,8,1,2
BRDA:18,9,0,1
BRDA:18,9,1,0
BRDA:18,9,2,1
BRDA:18,9,3,0
BRDA:18,9,4,0
BRDA:33,10,0,0
BRDA:33,10,1,1
BRDA:33,11,0,1
BRDA:33,11,1,1
BRDA:41,12,0,0
BRDA:41,12,1,1
BRDA:41,13,0,1
BRDA:41,13,1,1
BRDA:44,14,0,0
BRDA:44,14,1,0
BRDA:44,14,2,0
BRDA:44,14,3,0
BRDA:44,14,4,0
BRDA:44,14,5,1
BRDA:47,15,0,1
BRDA:47,15,1,1
BRDA:49,16,0,1
BRDA:49,16,1,1
BRDA:51,17,0,1
BRDA:51,17,1,1
BRDA:56,18,0,1
BRDA:56,18,1,0
BRDA:58,19,0,0
BRDA:58,19,1,0
BRDA:71,20,0,1
BRDA:71,20,1,0
BRDA:71,21,0,0
BRDA:71,21,1,1
BRDA:80,22,0,0
BRDA:80,22,1,1
BRDA:80,23,0,1
BRDA:80,23,1,1
BRDA:83,24,0,0
BRDA:83,24,1,0
BRDA:83,24,2,0
BRDA:83,24,3,0
BRDA:83,24,4,0
BRDA:83,24,5,1
BRDA:86,25,0,1
BRDA:86,25,1,1
BRDA:88,26,0,1
BRDA:88,26,1,1
BRDA:90,27,0,1
BRDA:90,27,1,1
BRDA:95,28,0,1
BRDA:95,28,1,0
BRDA:97,29,0,0
BRDA:97,29,1,0
BRDA:111,30,0,0
BRDA:111,30,1,0
BRF:73
BRH:43
end_of_record
TN:
SF:/Users/benjamintoomer/athlib/lib/wma/agegrader.js
FN:3,(anonymous_1)
FN:3,defineProperties
FN:3,(anonymous_3)
FN:5,_classCallCheck
FN:10,(anonymous_5)
FN:11,AgeGrader
FN:17,getData
FN:24,getAllEventCodes
FN:29,(anonymous_9)
FN:32,(anonymous_10)
FN:39,get
FN:44,get
FN:49,get
FN:54,get
FN:63,(anonymous_15)
FNF:15
FNH:13
FNDA:1,(anonymous_1)
FNDA:1,defineProperties
FNDA:1,(anonymous_3)
FNDA:2,_classCallCheck
FNDA:1,(anonymous_5)
FNDA:2,AgeGrader
FNDA:2,getData
FNDA:1,getAllEventCodes
FNDA:73,(anonymous_9)
FNDA:73,(anonymous_10)
FNDA:0,get
FNDA:0,get
FNDA:2,get
FNDA:4,get
FNDA:1,(anonymous_15)
DA:0,6
DA:1,1
DA:2,1
DA:4,2
DA:5,0
DA:6,0
DA:7,2
DA:8,4
DA:10,2
DA:11,2
DA:15,1
DA:16,1
DA:17,0
DA:19,1
DA:20,73
DA:22,1
DA:23,73
DA:25,1
DA:31,1
DA:32,1
DA:33,1
DA:34,73
DA:35,5329
DA:36,73
DA:40,1
LF:25
LH:22
BRDA:3,1,0,6
BRDA:3,1,1,6
BRDA:3,2,0,2
BRDA:3,2,1,4
BRDA:3,3,0,1
BRDA:3,3,1,0
BRDA:3,4,0,0
BRDA:3,4,1,1
BRDA:5,5,0,0
BRDA:5,5,1,2
BRDA:18,6,0,2
BRDA:18,6,1,0
BRDA:26,7,0,0
BRDA:26,7,1,1
BRDA:67,8,0,73
BRDA:67,8,1,5256
BRF:16
BRH:14
end_of_record
